This file contains any messages produced by compilers while
running configure, to aid debugging if configure makes a mistake.

It was created by mavlink-router configure 1, which was
generated by GNU Autoconf 2.69.  Invocation command line was

  $ ./configure CFLAGS=-g -O2 --sysconfdir=/etc --localstatedir=/var --libdir=/usr/lib64 --prefix=/usr

## --------- ##
## Platform. ##
## --------- ##

hostname = apsync
uname -m = armv7l
uname -r = 4.19.75-v7+
uname -s = Linux
uname -v = #1270 SMP Tue Sep 24 18:45:11 BST 2019

/usr/bin/uname -p = unknown
/bin/uname -X     = unknown

/bin/arch              = unknown
/usr/bin/arch -k       = unknown
/usr/convex/getsysinfo = unknown
/usr/bin/hostinfo      = unknown
/bin/machine           = unknown
/usr/bin/oslevel       = unknown
/bin/universe          = unknown

PATH: /home/pi/.local/bin
PATH: /usr/local/sbin
PATH: /usr/local/bin
PATH: /usr/sbin
PATH: /usr/bin
PATH: /sbin
PATH: /bin
PATH: /usr/local/games
PATH: /usr/games
PATH: /home/pi/.local/bin


## ----------- ##
## Core tests. ##
## ----------- ##

configure:2489: checking for gcc
configure:2505: found /usr/bin/gcc
configure:2516: result: gcc
configure:2745: checking for C compiler version
configure:2754: gcc --version >&5
gcc (Raspbian 8.3.0-6+rpi1) 8.3.0
Copyright (C) 2018 Free Software Foundation, Inc.
This is free software; see the source for copying conditions.  There is NO
warranty; not even for MERCHANTABILITY or FITNESS FOR A PARTICULAR PURPOSE.

configure:2765: $? = 0
configure:2754: gcc -v >&5
Using built-in specs.
COLLECT_GCC=gcc
COLLECT_LTO_WRAPPER=/usr/lib/gcc/arm-linux-gnueabihf/8/lto-wrapper
Target: arm-linux-gnueabihf
Configured with: ../src/configure -v --with-pkgversion='Raspbian 8.3.0-6+rpi1' --with-bugurl=file:///usr/share/doc/gcc-8/README.Bugs --enable-languages=c,ada,c++,go,d,fortran,objc,obj-c++ --prefix=/usr --with-gcc-major-version-only --program-suffix=-8 --program-prefix=arm-linux-gnueabihf- --enable-shared --enable-linker-build-id --libexecdir=/usr/lib --without-included-gettext --enable-threads=posix --libdir=/usr/lib --enable-nls --enable-bootstrap --enable-clocale=gnu --enable-libstdcxx-debug --enable-libstdcxx-time=yes --with-default-libstdcxx-abi=new --enable-gnu-unique-object --disable-libitm --disable-libquadmath --disable-libquadmath-support --enable-plugin --with-system-zlib --with-target-system-zlib --enable-objc-gc=auto --enable-multiarch --disable-sjlj-exceptions --with-arch=armv6 --with-fpu=vfp --with-float=hard --disable-werror --enable-checking=release --build=arm-linux-gnueabihf --host=arm-linux-gnueabihf --target=arm-linux-gnueabihf
Thread model: posix
gcc version 8.3.0 (Raspbian 8.3.0-6+rpi1) 
configure:2765: $? = 0
configure:2754: gcc -V >&5
gcc: error: unrecognized command line option '-V'
gcc: fatal error: no input files
compilation terminated.
configure:2765: $? = 1
configure:2754: gcc -qversion >&5
gcc: error: unrecognized command line option '-qversion'; did you mean '--version'?
gcc: fatal error: no input files
compilation terminated.
configure:2765: $? = 1
configure:2785: checking whether the C compiler works
configure:2807: gcc -g -O2   conftest.c  >&5
configure:2811: $? = 0
configure:2859: result: yes
configure:2862: checking for C compiler default output file name
configure:2864: result: a.out
configure:2870: checking for suffix of executables
configure:2877: gcc -o conftest -g -O2   conftest.c  >&5
configure:2881: $? = 0
configure:2903: result: 
configure:2925: checking whether we are cross compiling
configure:2933: gcc -o conftest -g -O2   conftest.c  >&5
configure:2937: $? = 0
configure:2944: ./conftest
configure:2948: $? = 0
configure:2936: result: no
configure:2941: checking for suffix of object files
configure:2963: gcc -c -g -O2  conftest.c >&5
configure:2967: $? = 0
configure:2988: result: o
configure:2992: checking whether we are using the GNU C compiler
configure:3011: gcc -c -g -O2  conftest.c >&5
configure:3011: $? = 0
configure:3020: result: yes
configure:3029: checking whether gcc accepts -g
configure:3049: gcc -c -g  conftest.c >&5
configure:3049: $? = 0
configure:3090: result: yes
configure:3107: checking for gcc option to accept ISO C89
configure:3170: gcc  -c -g -O2  conftest.c >&5
configure:3170: $? = 0
configure:3183: result: none needed
configure:3208: checking whether gcc understands -c and -o together
configure:3230: gcc -c conftest.c -o conftest2.o
configure:3233: $? = 0
configure:3230: gcc -c conftest.c -o conftest2.o
configure:3233: $? = 0
configure:3245: result: yes
configure:3268: checking how to run the C preprocessor
configure:3299: gcc -E  conftest.c
configure:3299: $? = 0
configure:3313: gcc -E  conftest.c
conftest.c:9:10: fatal error: ac_nonexistent.h: No such file or directory
 #include <ac_nonexistent.h>
          ^~~~~~~~~~~~~~~~~~
compilation terminated.
configure:3313: $? = 1
configure: failed program was:
| /* confdefs.h */
| #define PACKAGE_NAME "mavlink-router"
| #define PACKAGE_TARNAME "mavlink-router"
| #define PACKAGE_VERSION "1"
| #define PACKAGE_STRING "mavlink-router 1"
| #define PACKAGE_BUGREPORT ""
| #define PACKAGE_URL "https://github.com/01org/mavlink-router"
| /* end confdefs.h.  */
| #include <ac_nonexistent.h>
configure:3338: result: gcc -E
configure:3358: gcc -E  conftest.c
configure:3358: $? = 0
configure:3372: gcc -E  conftest.c
conftest.c:9:10: fatal error: ac_nonexistent.h: No such file or directory
 #include <ac_nonexistent.h>
          ^~~~~~~~~~~~~~~~~~
compilation terminated.
configure:3372: $? = 1
configure: failed program was:
| /* confdefs.h */
| #define PACKAGE_NAME "mavlink-router"
| #define PACKAGE_TARNAME "mavlink-router"
| #define PACKAGE_VERSION "1"
| #define PACKAGE_STRING "mavlink-router 1"
| #define PACKAGE_BUGREPORT ""
| #define PACKAGE_URL "https://github.com/01org/mavlink-router"
| /* end confdefs.h.  */
| #include <ac_nonexistent.h>
configure:3401: checking for grep that handles long lines and -e
configure:3459: result: /bin/grep
configure:3464: checking for egrep
configure:3526: result: /bin/grep -E
configure:3531: checking for ANSI C header files
configure:3551: gcc -c -g -O2  conftest.c >&5
configure:3551: $? = 0
configure:3624: gcc -o conftest -g -O2   conftest.c  >&5
configure:3624: $? = 0
configure:3624: ./conftest
configure:3624: $? = 0
configure:3635: result: yes
configure:3648: checking for sys/types.h
configure:3648: gcc -c -g -O2  conftest.c >&5
configure:3648: $? = 0
configure:3648: result: yes
configure:3648: checking for sys/stat.h
configure:3648: gcc -c -g -O2  conftest.c >&5
configure:3648: $? = 0
configure:3648: result: yes
configure:3648: checking for stdlib.h
configure:3648: gcc -c -g -O2  conftest.c >&5
configure:3648: $? = 0
configure:3648: result: yes
configure:3648: checking for string.h
configure:3648: gcc -c -g -O2  conftest.c >&5
configure:3648: $? = 0
configure:3648: result: yes
configure:3648: checking for memory.h
configure:3648: gcc -c -g -O2  conftest.c >&5
configure:3648: $? = 0
configure:3648: result: yes
configure:3648: checking for strings.h
configure:3648: gcc -c -g -O2  conftest.c >&5
configure:3648: $? = 0
configure:3648: result: yes
configure:3648: checking for inttypes.h
configure:3648: gcc -c -g -O2  conftest.c >&5
configure:3648: $? = 0
configure:3648: result: yes
configure:3648: checking for stdint.h
configure:3648: gcc -c -g -O2  conftest.c >&5
configure:3648: $? = 0
configure:3648: result: yes
configure:3648: checking for unistd.h
configure:3648: gcc -c -g -O2  conftest.c >&5
configure:3648: $? = 0
configure:3648: result: yes
configure:3661: checking minix/config.h usability
configure:3661: gcc -c -g -O2  conftest.c >&5
conftest.c:52:10: fatal error: minix/config.h: No such file or directory
 #include <minix/config.h>
          ^~~~~~~~~~~~~~~~
compilation terminated.
configure:3661: $? = 1
configure: failed program was:
| /* confdefs.h */
| #define PACKAGE_NAME "mavlink-router"
| #define PACKAGE_TARNAME "mavlink-router"
| #define PACKAGE_VERSION "1"
| #define PACKAGE_STRING "mavlink-router 1"
| #define PACKAGE_BUGREPORT ""
| #define PACKAGE_URL "https://github.com/01org/mavlink-router"
| #define STDC_HEADERS 1
| #define HAVE_SYS_TYPES_H 1
| #define HAVE_SYS_STAT_H 1
| #define HAVE_STDLIB_H 1
| #define HAVE_STRING_H 1
| #define HAVE_MEMORY_H 1
| #define HAVE_STRINGS_H 1
| #define HAVE_INTTYPES_H 1
| #define HAVE_STDINT_H 1
| #define HAVE_UNISTD_H 1
| /* end confdefs.h.  */
| #include <stdio.h>
| #ifdef HAVE_SYS_TYPES_H
| # include <sys/types.h>
| #endif
| #ifdef HAVE_SYS_STAT_H
| # include <sys/stat.h>
| #endif
| #ifdef STDC_HEADERS
| # include <stdlib.h>
| # include <stddef.h>
| #else
| # ifdef HAVE_STDLIB_H
| #  include <stdlib.h>
| # endif
| #endif
| #ifdef HAVE_STRING_H
| # if !defined STDC_HEADERS && defined HAVE_MEMORY_H
| #  include <memory.h>
| # endif
| # include <string.h>
| #endif
| #ifdef HAVE_STRINGS_H
| # include <strings.h>
| #endif
| #ifdef HAVE_INTTYPES_H
| # include <inttypes.h>
| #endif
| #ifdef HAVE_STDINT_H
| # include <stdint.h>
| #endif
| #ifdef HAVE_UNISTD_H
| # include <unistd.h>
| #endif
| #include <minix/config.h>
configure:3661: result: no
configure:3661: checking minix/config.h presence
configure:3661: gcc -E  conftest.c
conftest.c:19:10: fatal error: minix/config.h: No such file or directory
 #include <minix/config.h>
          ^~~~~~~~~~~~~~~~
compilation terminated.
configure:3661: $? = 1
configure: failed program was:
| /* confdefs.h */
| #define PACKAGE_NAME "mavlink-router"
| #define PACKAGE_TARNAME "mavlink-router"
| #define PACKAGE_VERSION "1"
| #define PACKAGE_STRING "mavlink-router 1"
| #define PACKAGE_BUGREPORT ""
| #define PACKAGE_URL "https://github.com/01org/mavlink-router"
| #define STDC_HEADERS 1
| #define HAVE_SYS_TYPES_H 1
| #define HAVE_SYS_STAT_H 1
| #define HAVE_STDLIB_H 1
| #define HAVE_STRING_H 1
| #define HAVE_MEMORY_H 1
| #define HAVE_STRINGS_H 1
| #define HAVE_INTTYPES_H 1
| #define HAVE_STDINT_H 1
| #define HAVE_UNISTD_H 1
| /* end confdefs.h.  */
| #include <minix/config.h>
configure:3661: result: no
configure:3661: checking for minix/config.h
configure:3661: result: no
configure:3682: checking whether it is safe to define __EXTENSIONS__
configure:3700: gcc -c -g -O2  conftest.c >&5
configure:3700: $? = 0
configure:3707: result: yes
configure:3728: checking for special C compiler options needed for large files
configure:3773: result: no
configure:3779: checking for _FILE_OFFSET_BITS value needed for large files
configure:3804: gcc -c -g -O2  conftest.c >&5
conftest.c:29:41: warning: result of '-2147483648 << 31' requires 63 bits to represent, but 'long int' only has 32 bits [-Wshift-overflow=]
 #define LARGE_OFF_T ((((off_t) 1 << 31) << 31) - 1 + (((off_t) 1 << 31) << 31))
                                         ^~
conftest.c:30:23: note: in expansion of macro 'LARGE_OFF_T'
   int off_t_is_large[(LARGE_OFF_T % 2147483629 == 721
                       ^~~~~~~~~~~
conftest.c:29:73: warning: result of '-2147483648 << 31' requires 63 bits to represent, but 'long int' only has 32 bits [-Wshift-overflow=]
 #define LARGE_OFF_T ((((off_t) 1 << 31) << 31) - 1 + (((off_t) 1 << 31) << 31))
                                                                         ^~
conftest.c:30:23: note: in expansion of macro 'LARGE_OFF_T'
   int off_t_is_large[(LARGE_OFF_T % 2147483629 == 721
                       ^~~~~~~~~~~
conftest.c:29:41: warning: result of '-2147483648 << 31' requires 63 bits to represent, but 'long int' only has 32 bits [-Wshift-overflow=]
 #define LARGE_OFF_T ((((off_t) 1 << 31) << 31) - 1 + (((off_t) 1 << 31) << 31))
                                         ^~
conftest.c:31:13: note: in expansion of macro 'LARGE_OFF_T'
          && LARGE_OFF_T % 2147483647 == 1)
             ^~~~~~~~~~~
conftest.c:29:73: warning: result of '-2147483648 << 31' requires 63 bits to represent, but 'long int' only has 32 bits [-Wshift-overflow=]
 #define LARGE_OFF_T ((((off_t) 1 << 31) << 31) - 1 + (((off_t) 1 << 31) << 31))
                                                                         ^~
conftest.c:31:13: note: in expansion of macro 'LARGE_OFF_T'
          && LARGE_OFF_T % 2147483647 == 1)
             ^~~~~~~~~~~
conftest.c:30:7: error: variably modified 'off_t_is_large' at file scope
   int off_t_is_large[(LARGE_OFF_T % 2147483629 == 721
       ^~~~~~~~~~~~~~
configure:3804: $? = 1
configure: failed program was:
| /* confdefs.h */
| #define PACKAGE_NAME "mavlink-router"
| #define PACKAGE_TARNAME "mavlink-router"
| #define PACKAGE_VERSION "1"
| #define PACKAGE_STRING "mavlink-router 1"
| #define PACKAGE_BUGREPORT ""
| #define PACKAGE_URL "https://github.com/01org/mavlink-router"
| #define STDC_HEADERS 1
| #define HAVE_SYS_TYPES_H 1
| #define HAVE_SYS_STAT_H 1
| #define HAVE_STDLIB_H 1
| #define HAVE_STRING_H 1
| #define HAVE_MEMORY_H 1
| #define HAVE_STRINGS_H 1
| #define HAVE_INTTYPES_H 1
| #define HAVE_STDINT_H 1
| #define HAVE_UNISTD_H 1
| #define __EXTENSIONS__ 1
| #define _ALL_SOURCE 1
| #define _GNU_SOURCE 1
| #define _POSIX_PTHREAD_SEMANTICS 1
| #define _TANDEM_SOURCE 1
| /* end confdefs.h.  */
| #include <sys/types.h>
|  /* Check that off_t can represent 2**63 - 1 correctly.
|     We can't simply define LARGE_OFF_T to be 9223372036854775807,
|     since some C++ compilers masquerading as C compilers
|     incorrectly reject 9223372036854775807.  */
| #define LARGE_OFF_T ((((off_t) 1 << 31) << 31) - 1 + (((off_t) 1 << 31) << 31))
|   int off_t_is_large[(LARGE_OFF_T % 2147483629 == 721
| 		       && LARGE_OFF_T % 2147483647 == 1)
| 		      ? 1 : -1];
| int
| main ()
| {
| 
|   ;
|   return 0;
| }
configure:3828: gcc -c -g -O2  conftest.c >&5
configure:3828: $? = 0
configure:3836: result: 64
configure:3976: checking for pkg-config
configure:3994: found /usr/bin/pkg-config
configure:4006: result: /usr/bin/pkg-config
configure:4031: checking pkg-config is at least version 0.9.0
configure:4034: result: yes
configure:4043: checking whether to enable maintainer-specific portions of Makefiles
configure:4052: result: yes
configure:4081: checking for a BSD-compatible install
configure:4149: result: /usr/bin/install -c
configure:4160: checking whether build environment is sane
configure:4215: result: yes
configure:4361: checking for a thread-safe mkdir -p
configure:4400: result: /bin/mkdir -p
configure:4407: checking for gawk
configure:4437: result: no
configure:4407: checking for mawk
configure:4423: found /usr/bin/mawk
configure:4434: result: mawk
configure:4445: checking whether make sets $(MAKE)
configure:4467: result: yes
configure:4489: checking whether make supports the include directive
configure:4504: make -f confmf.GNU && cat confinc.out
this is the am__doit target
configure:4507: $? = 0
configure:4526: result: yes (GNU style)
configure:4559: checking whether make supports nested variables
configure:4576: result: yes
configure:4655: checking how to create a pax tar archive
configure:4666: tar --version
tar (GNU tar) 1.30
Copyright (C) 2017 Free Software Foundation, Inc.
License GPLv3+: GNU GPL version 3 or later <https://gnu.org/licenses/gpl.html>.
This is free software: you are free to change and redistribute it.
There is NO WARRANTY, to the extent permitted by law.

Written by John Gilmore and Jay Fenlason.
configure:4669: $? = 0
configure:4709: tardir=conftest.dir && eval tar --format=posix -chf - "$tardir" >conftest.tar
configure:4712: $? = 0
configure:4716: tar -xf - <conftest.tar
configure:4719: $? = 0
configure:4721: cat conftest.dir/file
GrepMe
configure:4724: $? = 0
configure:4737: result: gnutar
configure:4746: checking dependency style of gcc
configure:4857: result: gcc3
configure:4926: checking whether make supports nested variables
configure:4943: result: yes
configure:4959: checking for gcc option to accept ISO C99
configure:5108: gcc  -c -g -O2  conftest.c >&5
configure:5108: $? = 0
configure:5121: result: none needed
configure:5194: checking for g++
configure:5210: found /usr/bin/g++
configure:5221: result: g++
configure:5248: checking for C++ compiler version
configure:5257: g++ --version >&5
g++ (Raspbian 8.3.0-6+rpi1) 8.3.0
Copyright (C) 2018 Free Software Foundation, Inc.
This is free software; see the source for copying conditions.  There is NO
warranty; not even for MERCHANTABILITY or FITNESS FOR A PARTICULAR PURPOSE.

configure:5268: $? = 0
configure:5257: g++ -v >&5
Using built-in specs.
COLLECT_GCC=g++
COLLECT_LTO_WRAPPER=/usr/lib/gcc/arm-linux-gnueabihf/8/lto-wrapper
Target: arm-linux-gnueabihf
Configured with: ../src/configure -v --with-pkgversion='Raspbian 8.3.0-6+rpi1' --with-bugurl=file:///usr/share/doc/gcc-8/README.Bugs --enable-languages=c,ada,c++,go,d,fortran,objc,obj-c++ --prefix=/usr --with-gcc-major-version-only --program-suffix=-8 --program-prefix=arm-linux-gnueabihf- --enable-shared --enable-linker-build-id --libexecdir=/usr/lib --without-included-gettext --enable-threads=posix --libdir=/usr/lib --enable-nls --enable-bootstrap --enable-clocale=gnu --enable-libstdcxx-debug --enable-libstdcxx-time=yes --with-default-libstdcxx-abi=new --enable-gnu-unique-object --disable-libitm --disable-libquadmath --disable-libquadmath-support --enable-plugin --with-system-zlib --with-target-system-zlib --enable-objc-gc=auto --enable-multiarch --disable-sjlj-exceptions --with-arch=armv6 --with-fpu=vfp --with-float=hard --disable-werror --enable-checking=release --build=arm-linux-gnueabihf --host=arm-linux-gnueabihf --target=arm-linux-gnueabihf
Thread model: posix
gcc version 8.3.0 (Raspbian 8.3.0-6+rpi1) 
configure:5268: $? = 0
configure:5257: g++ -V >&5
g++: error: unrecognized command line option '-V'
g++: fatal error: no input files
compilation terminated.
configure:5268: $? = 1
configure:5257: g++ -qversion >&5
g++: error: unrecognized command line option '-qversion'; did you mean '--version'?
g++: fatal error: no input files
compilation terminated.
configure:5268: $? = 1
configure:5272: checking whether we are using the GNU C++ compiler
configure:5291: g++ -c   conftest.cpp >&5
configure:5291: $? = 0
configure:5300: result: yes
configure:5309: checking whether g++ accepts -g
configure:5329: g++ -c -g  conftest.cpp >&5
configure:5329: $? = 0
configure:5370: result: yes
configure:5395: checking dependency style of g++
configure:5506: result: gcc3
configure:5532: checking whether g++ supports C++11 features with -std=gnu++11
configure:5828: g++ -std=gnu++11 -c -g -O2  conftest.cpp >&5
configure:5828: $? = 0
configure:5837: result: yes
configure:5909: checking for a Python interpreter with version >= 2.7
configure:5926: python -c import sys # split strings by '.' and convert to numeric. Append some zeros # because we need at least 4 digits for the hex conversion. # map returns an iterator in Python 3.0 and a list in 2.x minver = list(map(int, '2.7'.split('.'))) + [0, 0, 0] minverhex = 0 # xrange is not present in Python 3.0 and range returns an iterator for i in list(range(0, 4)): minverhex = (minverhex << 8) + minver[i] sys.exit(sys.hexversion < minverhex)
configure:5929: $? = 0
configure:5935: result: python
configure:5943: checking for python
configure:5961: found /usr/bin/python
configure:5973: result: /usr/bin/python
configure:5991: checking for python version
configure:5998: result: 2.7
configure:6010: checking for python platform
configure:6017: result: linux2
configure:6043: checking for python script directory
configure:6078: result: ${prefix}/lib/python2.7/dist-packages
configure:6087: checking for python extension module directory
configure:6122: result: ${exec_prefix}/lib/python2.7/dist-packages
configure:6167: checking build system type
configure:6181: result: armv7l-unknown-linux-gnueabihf
configure:6201: checking host system type
configure:6214: result: armv7l-unknown-linux-gnueabihf
configure:6255: checking how to print strings
configure:6282: result: printf
configure:6303: checking for a sed that does not truncate output
configure:6367: result: /bin/sed
configure:6385: checking for fgrep
configure:6447: result: /bin/grep -F
configure:6482: checking for ld used by gcc
configure:6549: result: /usr/bin/ld
configure:6556: checking if the linker (/usr/bin/ld) is GNU ld
configure:6571: result: yes
configure:6583: checking for BSD- or MS-compatible name lister (nm)
configure:6637: result: /usr/bin/nm -B
configure:6767: checking the name lister (/usr/bin/nm -B) interface
configure:6774: gcc -c -g -O2  conftest.c >&5
configure:6777: /usr/bin/nm -B "conftest.o"
configure:6780: output
00000000 B some_variable
configure:6781: result: BSD nm
configure:6784: checking whether ln -s works
configure:6788: result: yes
configure:6796: checking the maximum length of command line arguments
configure:6927: result: 1572864
configure:6975: checking how to convert armv7l-unknown-linux-gnueabihf file names to armv7l-unknown-linux-gnueabihf format
configure:7015: result: func_convert_file_noop
configure:7022: checking how to convert armv7l-unknown-linux-gnueabihf file names to toolchain format
configure:7042: result: func_convert_file_noop
configure:7049: checking for /usr/bin/ld option to reload object files
configure:7056: result: -r
configure:7130: checking for objdump
configure:7146: found /usr/bin/objdump
configure:7157: result: objdump
configure:7189: checking how to recognize dependent libraries
configure:7389: result: pass_all
configure:7474: checking for dlltool
configure:7504: result: no
configure:7534: checking how to associate runtime and link libraries
configure:7561: result: printf %s\n
configure:7621: checking for ar
configure:7637: found /usr/bin/ar
configure:7648: result: ar
configure:7685: checking for archiver @FILE support
configure:7702: gcc -c -g -O2  conftest.c >&5
configure:7702: $? = 0
configure:7705: ar cru libconftest.a @conftest.lst >&5
ar: `u' modifier ignored since `D' is the default (see `U')
configure:7708: $? = 0
configure:7713: ar cru libconftest.a @conftest.lst >&5
ar: `u' modifier ignored since `D' is the default (see `U')
ar: conftest.o: No such file or directory
configure:7716: $? = 1
configure:7715: result: @
configure:7773: checking for strip
configure:7789: found /usr/bin/strip
configure:7800: result: strip
configure:7872: checking for ranlib
configure:7888: found /usr/bin/ranlib
configure:7899: result: ranlib
configure:8001: checking command to parse /usr/bin/nm -B output from gcc object
configure:8154: gcc -c -g -O2  conftest.c >&5
configure:8157: $? = 0
configure:8161: /usr/bin/nm -B conftest.o | sed -n -e 's/^.*[	 ]\([ABCDGIRSTW][ABCDGIRSTW]*\)[	 ][	 ]*\([_A-Za-z][_A-Za-z0-9]*\)$/\1 \2 \2/p' | sed '/ __gnu_lto/d' > conftest.nm
configure:8227: gcc -o conftest -g -O2   conftest.c conftstm.o >&5
configure:8230: $? = 0
configure:8268: result: ok
configure:8315: checking for sysroot
configure:8345: result: no
configure:8352: checking for a working dd
configure:8390: result: /bin/dd
configure:8394: checking how to truncate binary pipes
configure:8409: result: /bin/dd bs=4096 count=1
configure:8738: checking for mt
configure:8754: found /bin/mt
configure:8765: result: mt
configure:8788: checking if mt is a manifest tool
configure:8794: mt '-?'
configure:8802: result: no
configure:9476: checking for dlfcn.h
configure:9476: gcc -c -g -O2  conftest.c >&5
configure:9476: $? = 0
configure:9476: result: yes
configure:9740: checking for objdir
configure:9755: result: .libs
configure:10019: checking if gcc supports -fno-rtti -fno-exceptions
configure:10037: gcc -c -g -O2  -fno-rtti -fno-exceptions conftest.c >&5
cc1: warning: command line option '-fno-rtti' is valid for C++/ObjC++ but not for C
configure:10041: $? = 0
configure:10054: result: no
configure:10412: checking for gcc option to produce PIC
configure:10419: result: -fPIC -DPIC
configure:10427: checking if gcc PIC flag -fPIC -DPIC works
configure:10445: gcc -c -g -O2  -fPIC -DPIC -DPIC conftest.c >&5
configure:10449: $? = 0
configure:10462: result: yes
configure:10491: checking if gcc static flag -static works
configure:10519: result: yes
configure:10534: checking if gcc supports -c -o file.o
configure:10555: gcc -c -g -O2  -o out/conftest2.o conftest.c >&5
configure:10559: $? = 0
configure:10581: result: yes
configure:10589: checking if gcc supports -c -o file.o
configure:10636: result: yes
configure:10669: checking whether the gcc linker (/usr/bin/ld) supports shared libraries
configure:11932: result: yes
configure:11969: checking whether -lc should be explicitly linked in
configure:11977: gcc -c -g -O2  conftest.c >&5
configure:11980: $? = 0
configure:11995: gcc -shared  -fPIC -DPIC conftest.o  -v -Wl,-soname -Wl,conftest -o conftest 2\>\&1 \| /bin/grep  -lc  \>/dev/null 2\>\&1
configure:11998: $? = 0
configure:12012: result: no
configure:12172: checking dynamic linker characteristics
configure:12753: gcc -o conftest -g -O2   -Wl,-rpath -Wl,/foo conftest.c  >&5
configure:12753: $? = 0
configure:13002: result: GNU/Linux ld.so
configure:13124: checking how to hardcode library paths into programs
configure:13149: result: immediate
configure:13697: checking whether stripping libraries is possible
configure:13702: result: yes
configure:13737: checking if libtool supports shared libraries
configure:13739: result: yes
configure:13742: checking whether to build shared libraries
configure:13767: result: yes
configure:13770: checking whether to build static libraries
configure:13774: result: no
configure:10573: checking how to run the C++ preprocessor
configure:10600: g++ -std=gnu++11 -E  conftest.cpp
configure:10600: $? = 0
configure:10614: g++ -std=gnu++11 -E  conftest.cpp
conftest.cpp:30:10: fatal error: ac_nonexistent.h: No such file or directory
 #include <ac_nonexistent.h>
          ^~~~~~~~~~~~~~~~~~
compilation terminated.
configure:10614: $? = 1
configure: failed program was:
| /* confdefs.h */
| #define PACKAGE_NAME "mavlink-router"
| #define PACKAGE_TARNAME "mavlink-router"
| #define PACKAGE_VERSION "1"
| #define PACKAGE_STRING "mavlink-router 1"
| #define PACKAGE_BUGREPORT ""
| #define PACKAGE_URL "https://github.com/01org/mavlink-router"
| #define STDC_HEADERS 1
| #define HAVE_SYS_TYPES_H 1
| #define HAVE_SYS_STAT_H 1
| #define HAVE_STDLIB_H 1
| #define HAVE_STRING_H 1
| #define HAVE_MEMORY_H 1
| #define HAVE_STRINGS_H 1
| #define HAVE_INTTYPES_H 1
| #define HAVE_STDINT_H 1
| #define HAVE_UNISTD_H 1
| #define __EXTENSIONS__ 1
| #define _ALL_SOURCE 1
| #define _GNU_SOURCE 1
| #define _POSIX_PTHREAD_SEMANTICS 1
| #define _TANDEM_SOURCE 1
| #define _FILE_OFFSET_BITS 64
| #define PACKAGE "mavlink-router"
| #define VERSION "1"
| #define HAVE_CXX11 1
| #define HAVE_DLFCN_H 1
| #define LT_OBJDIR ".libs/"
| /* end confdefs.h.  */
| #include <ac_nonexistent.h>
configure:10639: result: g++ -std=gnu++11 -E
configure:10659: g++ -std=gnu++11 -E  conftest.cpp
configure:10659: $? = 0
configure:10673: g++ -std=gnu++11 -E  conftest.cpp
conftest.cpp:30:10: fatal error: ac_nonexistent.h: No such file or directory
 #include <ac_nonexistent.h>
          ^~~~~~~~~~~~~~~~~~
compilation terminated.
configure:10673: $? = 1
configure: failed program was:
| /* confdefs.h */
| #define PACKAGE_NAME "mavlink-router"
| #define PACKAGE_TARNAME "mavlink-router"
| #define PACKAGE_VERSION "1"
| #define PACKAGE_STRING "mavlink-router 1"
| #define PACKAGE_BUGREPORT ""
| #define PACKAGE_URL "https://github.com/01org/mavlink-router"
| #define STDC_HEADERS 1
| #define HAVE_SYS_TYPES_H 1
| #define HAVE_SYS_STAT_H 1
| #define HAVE_STDLIB_H 1
| #define HAVE_STRING_H 1
| #define HAVE_MEMORY_H 1
| #define HAVE_STRINGS_H 1
| #define HAVE_INTTYPES_H 1
| #define HAVE_STDINT_H 1
| #define HAVE_UNISTD_H 1
| #define __EXTENSIONS__ 1
| #define _ALL_SOURCE 1
| #define _GNU_SOURCE 1
| #define _POSIX_PTHREAD_SEMANTICS 1
| #define _TANDEM_SOURCE 1
| #define _FILE_OFFSET_BITS 64
| #define PACKAGE "mavlink-router"
| #define VERSION "1"
| #define HAVE_CXX11 1
| #define HAVE_DLFCN_H 1
| #define LT_OBJDIR ".libs/"
| /* end confdefs.h.  */
| #include <ac_nonexistent.h>
configure:10835: checking for ld used by g++ -std=gnu++11
configure:10902: result: /usr/bin/ld
configure:10909: checking if the linker (/usr/bin/ld) is GNU ld
configure:10924: result: yes
configure:10979: checking whether the g++ -std=gnu++11 linker (/usr/bin/ld) supports shared libraries
configure:12052: result: yes
configure:12088: g++ -std=gnu++11 -c -g -O2  conftest.cpp >&5
configure:12091: $? = 0
configure:12572: checking for g++ -std=gnu++11 option to produce PIC
configure:12579: result: -fPIC -DPIC
configure:12587: checking if g++ -std=gnu++11 PIC flag -fPIC -DPIC works
configure:12605: g++ -std=gnu++11 -c -g -O2  -fPIC -DPIC -DPIC conftest.cpp >&5
configure:12609: $? = 0
configure:12622: result: yes
configure:12645: checking if g++ -std=gnu++11 static flag -static works
configure:12673: result: yes
configure:12685: checking if g++ -std=gnu++11 supports -c -o file.o
configure:12706: g++ -std=gnu++11 -c -g -O2  -o out/conftest2.o conftest.cpp >&5
configure:12710: $? = 0
configure:12732: result: yes
configure:12737: checking if g++ -std=gnu++11 supports -c -o file.o
configure:12784: result: yes
configure:12814: checking whether the g++ -std=gnu++11 linker (/usr/bin/ld) supports shared libraries
configure:12857: result: yes
configure:12998: checking dynamic linker characteristics
configure:13755: result: GNU/Linux ld.so
configure:13820: checking how to hardcode library paths into programs
configure:13845: result: immediate
configure:12742: checking whether _Static_assert() is supported
configure:12748: gcc -c -g -O2  conftest.c >&5
configure:12748: $? = 0
configure:12752: result: yes
configure:12760: checking whether _Noreturn is supported
configure:12766: gcc -c -g -O2  conftest.c >&5
conftest.c: In function 'foo':
conftest.c:31:27: warning: implicit declaration of function 'exit' [-Wimplicit-function-declaration]
 _Noreturn int foo(void) { exit(0); }
                           ^~~~
conftest.c:31:27: warning: incompatible implicit declaration of built-in function 'exit'
conftest.c:31:27: note: include '<stdlib.h>' or provide a declaration of 'exit'
conftest.c:1:1:
 /* confdefs.h */
conftest.c:31:27:
 _Noreturn int foo(void) { exit(0); }
                           ^~~~
configure:12766: $? = 0
configure:12770: result: yes
configure:12780: checking for GTEST
configure:12787: $PKG_CONFIG --exists --print-errors "gtest_main"
Package gtest_main was not found in the pkg-config search path.
Perhaps you should add the directory containing `gtest_main.pc'
to the PKG_CONFIG_PATH environment variable
No package 'gtest_main' found
configure:12790: $? = 1
configure:12804: $PKG_CONFIG --exists --print-errors "gtest_main"
Package gtest_main was not found in the pkg-config search path.
Perhaps you should add the directory containing `gtest_main.pc'
to the PKG_CONFIG_PATH environment variable
No package 'gtest_main' found
configure:12807: $? = 1
configure:12821: result: no
No package 'gtest_main' found
configure:12841: checking for main in -lgtest_main
configure:12860: gcc -o conftest -g -O2   conftest.c -lgtest_main   >&5
/usr/bin/ld: cannot find -lgtest_main
collect2: error: ld returned 1 exit status
configure:12860: $? = 1
configure: failed program was:
| /* confdefs.h */
| #define PACKAGE_NAME "mavlink-router"
| #define PACKAGE_TARNAME "mavlink-router"
| #define PACKAGE_VERSION "1"
| #define PACKAGE_STRING "mavlink-router 1"
| #define PACKAGE_BUGREPORT ""
| #define PACKAGE_URL "https://github.com/01org/mavlink-router"
| #define STDC_HEADERS 1
| #define HAVE_SYS_TYPES_H 1
| #define HAVE_SYS_STAT_H 1
| #define HAVE_STDLIB_H 1
| #define HAVE_STRING_H 1
| #define HAVE_MEMORY_H 1
| #define HAVE_STRINGS_H 1
| #define HAVE_INTTYPES_H 1
| #define HAVE_STDINT_H 1
| #define HAVE_UNISTD_H 1
| #define __EXTENSIONS__ 1
| #define _ALL_SOURCE 1
| #define _GNU_SOURCE 1
| #define _POSIX_PTHREAD_SEMANTICS 1
| #define _TANDEM_SOURCE 1
| #define _FILE_OFFSET_BITS 64
| #define PACKAGE "mavlink-router"
| #define VERSION "1"
| #define HAVE_CXX11 1
| #define HAVE_DLFCN_H 1
| #define LT_OBJDIR ".libs/"
| #define HAVE_STATIC_ASSERT 1
| #define HAVE_NORETURN 1
| /* end confdefs.h.  */
| 
| 
| int
| main ()
| {
| return main ();
|   ;
|   return 0;
| }
configure:12869: result: no
configure:12962: checking systemd system unit dir
configure:12968: result: /lib/systemd/system
configure:13110: checking that generated files are newer than configure
configure:13116: result: done
configure:13151: creating ./config.status

## ---------------------- ##
## Running config.status. ##
## ---------------------- ##

This file was extended by mavlink-router config.status 1, which was
generated by GNU Autoconf 2.69.  Invocation command line was

  CONFIG_FILES    = 
  CONFIG_HEADERS  = 
  CONFIG_LINKS    = 
  CONFIG_COMMANDS = 
  $ ./config.status 

on apsync

config.status:1177: creating Makefile
config.status:1177: creating config.h
config.status:1406: executing depfiles commands
config.status:1483: cd .       && sed -e '/# am--include-marker/d' Makefile         | make -f - am--depfiles
config.status:1488: $? = 0
config.status:1406: executing libtool commands
configure:15573: result:
	mavlink-router 1
	================

	prefix:			/usr
	sysconfdir:		/etc
	libdir:			/usr/lib64
	rootlibdir:		/usr/lib64
	includedir:		${prefix}/include
	bindir:			${exec_prefix}/bin

	C compiler:		gcc
	C++ compiler:		g++ -std=gnu++11


## ---------------- ##
## Cache variables. ##
## ---------------- ##

ac_cv_build=armv7l-unknown-linux-gnueabihf
ac_cv_c_compiler_gnu=yes
ac_cv_cxx_compiler_gnu=yes
ac_cv_env_CCC_set=
ac_cv_env_CCC_value=
ac_cv_env_CC_set=
ac_cv_env_CC_value=
ac_cv_env_CFLAGS_set=set
ac_cv_env_CFLAGS_value='-g -O2'
ac_cv_env_CPPFLAGS_set=
ac_cv_env_CPPFLAGS_value=
ac_cv_env_CPP_set=
ac_cv_env_CPP_value=
ac_cv_env_CXXCPP_set=
ac_cv_env_CXXCPP_value=
ac_cv_env_CXXFLAGS_set=
ac_cv_env_CXXFLAGS_value=
ac_cv_env_CXX_set=
ac_cv_env_CXX_value=
ac_cv_env_GTEST_CFLAGS_set=
ac_cv_env_GTEST_CFLAGS_value=
ac_cv_env_GTEST_LIBS_set=
ac_cv_env_GTEST_LIBS_value=
ac_cv_env_LDFLAGS_set=
ac_cv_env_LDFLAGS_value=
ac_cv_env_LIBS_set=
ac_cv_env_LIBS_value=
ac_cv_env_LT_SYS_LIBRARY_PATH_set=
ac_cv_env_LT_SYS_LIBRARY_PATH_value=
ac_cv_env_PKG_CONFIG_LIBDIR_set=
ac_cv_env_PKG_CONFIG_LIBDIR_value=
ac_cv_env_PKG_CONFIG_PATH_set=
ac_cv_env_PKG_CONFIG_PATH_value=
ac_cv_env_PKG_CONFIG_set=
ac_cv_env_PKG_CONFIG_value=
ac_cv_env_PYTHON_set=
ac_cv_env_PYTHON_value=
ac_cv_env_build_alias_set=
ac_cv_env_build_alias_value=
ac_cv_env_host_alias_set=
ac_cv_env_host_alias_value=
ac_cv_env_target_alias_set=
ac_cv_env_target_alias_value=
ac_cv_header_dlfcn_h=yes
ac_cv_header_inttypes_h=yes
ac_cv_header_memory_h=yes
ac_cv_header_minix_config_h=no
ac_cv_header_stdc=yes
ac_cv_header_stdint_h=yes
ac_cv_header_stdlib_h=yes
ac_cv_header_string_h=yes
ac_cv_header_strings_h=yes
ac_cv_header_sys_stat_h=yes
ac_cv_header_sys_types_h=yes
ac_cv_header_unistd_h=yes
ac_cv_host=armv7l-unknown-linux-gnueabihf
ac_cv_lib_gtest_main_main=no
ac_cv_objext=o
ac_cv_path_EGREP='/bin/grep -E'
ac_cv_path_FGREP='/bin/grep -F'
ac_cv_path_GREP=/bin/grep
ac_cv_path_PYTHON=/usr/bin/python
ac_cv_path_SED=/bin/sed
ac_cv_path_ac_pt_PKG_CONFIG=/usr/bin/pkg-config
ac_cv_path_install='/usr/bin/install -c'
ac_cv_path_lt_DD=/bin/dd
ac_cv_path_mkdir=/bin/mkdir
ac_cv_prog_AWK=mawk
ac_cv_prog_CPP='gcc -E'
ac_cv_prog_CXXCPP='g++ -std=gnu++11 -E'
ac_cv_prog_ac_ct_AR=ar
ac_cv_prog_ac_ct_CC=gcc
ac_cv_prog_ac_ct_CXX=g++
ac_cv_prog_ac_ct_MANIFEST_TOOL=mt
ac_cv_prog_ac_ct_OBJDUMP=objdump
ac_cv_prog_ac_ct_RANLIB=ranlib
ac_cv_prog_ac_ct_STRIP=strip
ac_cv_prog_cc_c89=
ac_cv_prog_cc_c99=
ac_cv_prog_cc_g=yes
ac_cv_prog_cxx_g=yes
ac_cv_prog_make_make_set=yes
ac_cv_safe_to_define___extensions__=yes
ac_cv_sys_file_offset_bits=64
ac_cv_sys_largefile_CC=no
am_cv_CC_dependencies_compiler_type=gcc3
am_cv_CXX_dependencies_compiler_type=gcc3
am_cv_make_support_nested_variables=yes
am_cv_pathless_PYTHON=python
am_cv_prog_cc_c_o=yes
am_cv_prog_tar_pax=gnutar
am_cv_python_platform=linux2
am_cv_python_pyexecdir='${exec_prefix}/lib/python2.7/dist-packages'
am_cv_python_pythondir='${prefix}/lib/python2.7/dist-packages'
am_cv_python_version=2.7
ax_cv_cxx_compile_cxx11__std_gnupp11=yes
lt_cv_ar_at_file=@
lt_cv_archive_cmds_need_lc=no
lt_cv_deplibs_check_method=pass_all
lt_cv_file_magic_cmd='$MAGIC_CMD'
lt_cv_file_magic_test_file=
lt_cv_ld_reload_flag=-r
lt_cv_nm_interface='BSD nm'
lt_cv_objdir=.libs
lt_cv_path_LD=/usr/bin/ld
lt_cv_path_LDCXX=/usr/bin/ld
lt_cv_path_NM='/usr/bin/nm -B'
lt_cv_path_mainfest_tool=no
lt_cv_prog_compiler_c_o=yes
lt_cv_prog_compiler_c_o_CXX=yes
lt_cv_prog_compiler_pic='-fPIC -DPIC'
lt_cv_prog_compiler_pic_CXX='-fPIC -DPIC'
lt_cv_prog_compiler_pic_works=yes
lt_cv_prog_compiler_pic_works_CXX=yes
lt_cv_prog_compiler_rtti_exceptions=no
lt_cv_prog_compiler_static_works=yes
lt_cv_prog_compiler_static_works_CXX=yes
lt_cv_prog_gnu_ld=yes
lt_cv_prog_gnu_ldcxx=yes
lt_cv_sharedlib_from_linklib_cmd='printf %s\n'
lt_cv_shlibpath_overrides_runpath=yes
lt_cv_sys_global_symbol_pipe='sed -n -e '\''s/^.*[	 ]\([ABCDGIRSTW][ABCDGIRSTW]*\)[	 ][	 ]*\([_A-Za-z][_A-Za-z0-9]*\)$/\1 \2 \2/p'\'' | sed '\''/ __gnu_lto/d'\'''
lt_cv_sys_global_symbol_to_c_name_address='sed -n -e '\''s/^: \(.*\) .*$/  {"\1", (void *) 0},/p'\'' -e '\''s/^[ABCDGIRSTW][ABCDGIRSTW]* .* \(.*\)$/  {"\1", (void *) \&\1},/p'\'''
lt_cv_sys_global_symbol_to_c_name_address_lib_prefix='sed -n -e '\''s/^: \(.*\) .*$/  {"\1", (void *) 0},/p'\'' -e '\''s/^[ABCDGIRSTW][ABCDGIRSTW]* .* \(lib.*\)$/  {"\1", (void *) \&\1},/p'\'' -e '\''s/^[ABCDGIRSTW][ABCDGIRSTW]* .* \(.*\)$/  {"lib\1", (void *) \&\1},/p'\'''
lt_cv_sys_global_symbol_to_cdecl='sed -n -e '\''s/^T .* \(.*\)$/extern int \1();/p'\'' -e '\''s/^[ABCDGIRSTW][ABCDGIRSTW]* .* \(.*\)$/extern char \1;/p'\'''
lt_cv_sys_global_symbol_to_import=
lt_cv_sys_max_cmd_len=1572864
lt_cv_to_host_file_cmd=func_convert_file_noop
lt_cv_to_tool_file_cmd=func_convert_file_noop
lt_cv_truncate_bin='/bin/dd bs=4096 count=1'

## ----------------- ##
## Output variables. ##
## ----------------- ##

ACLOCAL='${SHELL} /home/pi/mavlink-router/build-aux/missing aclocal-1.16'
AMDEPBACKSLASH='\'
AMDEP_FALSE='#'
AMDEP_TRUE=''
AMTAR='$${TAR-tar}'
AM_BACKSLASH='\'
AM_DEFAULT_V='$(AM_DEFAULT_VERBOSITY)'
AM_DEFAULT_VERBOSITY='0'
AM_V='$(V)'
AR='ar'
AUTOCONF='${SHELL} /home/pi/mavlink-router/build-aux/missing autoconf'
AUTOHEADER='${SHELL} /home/pi/mavlink-router/build-aux/missing autoheader'
AUTOMAKE='${SHELL} /home/pi/mavlink-router/build-aux/missing automake-1.16'
AWK='mawk'
CC='gcc'
CCDEPMODE='depmode=gcc3'
CFLAGS='-g -O2'
CPP='gcc -E'
CPPFLAGS=''
CXX='g++ -std=gnu++11'
CXXCPP='g++ -std=gnu++11 -E'
CXXDEPMODE='depmode=gcc3'
CXXFLAGS='-g -O2'
CYGPATH_W='echo'
DEFS='-DHAVE_CONFIG_H'
DEPDIR='.deps'
DLLTOOL='false'
DSYMUTIL=''
DUMPBIN=''
ECHO_C=''
ECHO_N='-n'
ECHO_T=''
EGREP='/bin/grep -E'
EXEEXT=''
FGREP='/bin/grep -F'
GREP='/bin/grep'
GTEST_CFLAGS=''
GTEST_LIBS=''
HAVE_CXX11='1'
HAVE_GTEST_FALSE=''
HAVE_GTEST_TRUE='#'
INSTALL_DATA='${INSTALL} -m 644'
INSTALL_PROGRAM='${INSTALL}'
INSTALL_SCRIPT='${INSTALL}'
INSTALL_STRIP_PROGRAM='$(install_sh) -c -s'
LD='/usr/bin/ld'
LDFLAGS=''
LIBOBJS=''
LIBS=''
LIBTOOL='$(SHELL) $(top_builddir)/libtool'
LIPO=''
LN_S='ln -s'
LTLIBOBJS=''
LT_SYS_LIBRARY_PATH=''
MAINT=''
MAINTAINER_MODE_FALSE='#'
MAINTAINER_MODE_TRUE=''
MAKEINFO='${SHELL} /home/pi/mavlink-router/build-aux/missing makeinfo'
MANIFEST_TOOL=':'
MKDIR_P='/bin/mkdir -p'
NM='/usr/bin/nm -B'
NMEDIT=''
OBJDUMP='objdump'
OBJEXT='o'
OTOOL64=''
OTOOL=''
PACKAGE='mavlink-router'
PACKAGE_BUGREPORT=''
PACKAGE_NAME='mavlink-router'
PACKAGE_STRING='mavlink-router 1'
PACKAGE_TARNAME='mavlink-router'
PACKAGE_URL='https://github.com/01org/mavlink-router'
PACKAGE_VERSION='1'
PATH_SEPARATOR=':'
PKG_CONFIG='/usr/bin/pkg-config'
PKG_CONFIG_LIBDIR=''
PKG_CONFIG_PATH=''
PYTHON='/usr/bin/python'
PYTHON_EXEC_PREFIX='${exec_prefix}'
PYTHON_PLATFORM='linux2'
PYTHON_PREFIX='${prefix}'
PYTHON_VERSION='2.7'
RANLIB='ranlib'
SED='/bin/sed'
SET_MAKE=''
SHELL='/bin/bash'
STRIP='strip'
SYSTEMD_FALSE='#'
SYSTEMD_SYSTEMUNITDIR='/lib/systemd/system'
SYSTEMD_TRUE=''
VERSION='1'
ac_ct_AR='ar'
ac_ct_CC='gcc'
ac_ct_CXX='g++'
ac_ct_DUMPBIN=''
am__EXEEXT_FALSE=''
am__EXEEXT_TRUE='#'
am__fastdepCC_FALSE='#'
am__fastdepCC_TRUE=''
am__fastdepCXX_FALSE='#'
am__fastdepCXX_TRUE=''
am__include='include'
am__isrc=''
am__leading_dot='.'
am__nodep='_no'
am__quote=''
am__tar='tar --format=posix -chf - "$$tardir"'
am__untar='tar -xf -'
bindir='${exec_prefix}/bin'
build='armv7l-unknown-linux-gnueabihf'
build_alias=''
build_cpu='armv7l'
build_os='linux-gnueabihf'
build_vendor='unknown'
datadir='${datarootdir}'
datarootdir='${prefix}/share'
docdir='${datarootdir}/doc/${PACKAGE_TARNAME}'
dvidir='${docdir}'
exec_prefix='${prefix}'
host='armv7l-unknown-linux-gnueabihf'
host_alias=''
host_cpu='armv7l'
host_os='linux-gnueabihf'
host_vendor='unknown'
htmldir='${docdir}'
includedir='${prefix}/include'
infodir='${datarootdir}/info'
install_sh='${SHELL} /home/pi/mavlink-router/build-aux/install-sh'
libdir='/usr/lib64'
libexecdir='${exec_prefix}/libexec'
localedir='${datarootdir}/locale'
localstatedir='/var'
mandir='${datarootdir}/man'
mkdir_p='$(MKDIR_P)'
oldincludedir='/usr/include'
pdfdir='${docdir}'
pkgpyexecdir='${pyexecdir}/mavlink-router'
pkgpythondir='${pythondir}/mavlink-router'
prefix='/usr'
program_transform_name='s,x,x,'
psdir='${docdir}'
pyexecdir='${exec_prefix}/lib/python2.7/dist-packages'
pythondir='${prefix}/lib/python2.7/dist-packages'
rootlibdir='/usr/lib64'
runstatedir='${localstatedir}/run'
sbindir='${exec_prefix}/sbin'
sharedstatedir='${prefix}/com'
sysconfdir='/etc'
target_alias=''

## ----------- ##
## confdefs.h. ##
## ----------- ##

/* confdefs.h */
#define PACKAGE_NAME "mavlink-router"
#define PACKAGE_TARNAME "mavlink-router"
#define PACKAGE_VERSION "1"
#define PACKAGE_STRING "mavlink-router 1"
#define PACKAGE_BUGREPORT ""
#define PACKAGE_URL "https://github.com/01org/mavlink-router"
#define STDC_HEADERS 1
#define HAVE_SYS_TYPES_H 1
#define HAVE_SYS_STAT_H 1
#define HAVE_STDLIB_H 1
#define HAVE_STRING_H 1
#define HAVE_MEMORY_H 1
#define HAVE_STRINGS_H 1
#define HAVE_INTTYPES_H 1
#define HAVE_STDINT_H 1
#define HAVE_UNISTD_H 1
#define __EXTENSIONS__ 1
#define _ALL_SOURCE 1
#define _GNU_SOURCE 1
#define _POSIX_PTHREAD_SEMANTICS 1
#define _TANDEM_SOURCE 1
#define _FILE_OFFSET_BITS 64
#define PACKAGE "mavlink-router"
#define VERSION "1"
#define HAVE_CXX11 1
#define HAVE_DLFCN_H 1
#define LT_OBJDIR ".libs/"
#define HAVE_STATIC_ASSERT 1
#define HAVE_NORETURN 1

configure: exit 0
